2023-07-26 10:33:32,450 [Worker-0: Loading available Gradle versions] INFO  o.e.b.c.i.u.g.PublishedGradleVersions - Gradle version information cache is up-to-date. Trying to read.
2023-08-03 12:29:00,158 [Worker-0: Loading available Gradle versions] INFO  o.e.b.c.i.u.g.PublishedGradleVersions - Gradle version information cache is up-to-date. Trying to read.
2023-08-03 12:30:56,667 [Worker-6: Launching mavenrun-ea061969-e62d-4251-92c1-75e6aef3c19d] INFO  o.eclipse.m2e.core.internal.Bundles - getClasspathEntries(Bundle=org.eclipse.m2e.maven.runtime_3.8.701.20230209-1606 [340])
2023-08-03 12:30:56,672 [Worker-6: Launching mavenrun-ea061969-e62d-4251-92c1-75e6aef3c19d] INFO  o.eclipse.m2e.core.internal.Bundles - 	Entry: /home/rapidsoft/Desktop/spring-tool-suite-4-4.18.1.RELEASE-e4.27.0-linux.gtk.x86_64/sts-4.18.1.RELEASE/plugins/org.eclipse.m2e.maven.runtime_3.8.701.20230209-1606
2023-08-03 12:30:56,672 [Worker-6: Launching mavenrun-ea061969-e62d-4251-92c1-75e6aef3c19d] INFO  o.eclipse.m2e.core.internal.Bundles - 	Entry: /home/rapidsoft/Desktop/spring-tool-suite-4-4.18.1.RELEASE-e4.27.0-linux.gtk.x86_64/sts-4.18.1.RELEASE/plugins/org.eclipse.m2e.maven.runtime_3.8.701.20230209-1606/jars/aether-connector-okhttp-0.17.8.jar
2023-08-03 12:30:56,673 [Worker-6: Launching mavenrun-ea061969-e62d-4251-92c1-75e6aef3c19d] INFO  o.eclipse.m2e.core.internal.Bundles - 	Entry: /home/rapidsoft/Desktop/spring-tool-suite-4-4.18.1.RELEASE-e4.27.0-linux.gtk.x86_64/sts-4.18.1.RELEASE/plugins/org.eclipse.m2e.maven.runtime_3.8.701.20230209-1606/jars/commons-lang3-3.8.1.jar
2023-08-03 12:30:56,673 [Worker-6: Launching mavenrun-ea061969-e62d-4251-92c1-75e6aef3c19d] INFO  o.eclipse.m2e.core.internal.Bundles - 	Entry: /home/rapidsoft/Desktop/spring-tool-suite-4-4.18.1.RELEASE-e4.27.0-linux.gtk.x86_64/sts-4.18.1.RELEASE/plugins/org.eclipse.m2e.maven.runtime_3.8.701.20230209-1606/jars/guice-4.2.2-no_aop.jar
2023-08-03 12:30:56,673 [Worker-6: Launching mavenrun-ea061969-e62d-4251-92c1-75e6aef3c19d] INFO  o.eclipse.m2e.core.internal.Bundles - 	Entry: /home/rapidsoft/Desktop/spring-tool-suite-4-4.18.1.RELEASE-e4.27.0-linux.gtk.x86_64/sts-4.18.1.RELEASE/plugins/org.eclipse.m2e.maven.runtime_3.8.701.20230209-1606/jars/jansi-2.4.0.jar
2023-08-03 12:30:56,673 [Worker-6: Launching mavenrun-ea061969-e62d-4251-92c1-75e6aef3c19d] INFO  o.eclipse.m2e.core.internal.Bundles - 	Entry: /home/rapidsoft/Desktop/spring-tool-suite-4-4.18.1.RELEASE-e4.27.0-linux.gtk.x86_64/sts-4.18.1.RELEASE/plugins/org.eclipse.m2e.maven.runtime_3.8.701.20230209-1606/jars/maven-artifact-3.8.7.jar
2023-08-03 12:30:56,673 [Worker-6: Launching mavenrun-ea061969-e62d-4251-92c1-75e6aef3c19d] INFO  o.eclipse.m2e.core.internal.Bundles - 	Entry: /home/rapidsoft/Desktop/spring-tool-suite-4-4.18.1.RELEASE-e4.27.0-linux.gtk.x86_64/sts-4.18.1.RELEASE/plugins/org.eclipse.m2e.maven.runtime_3.8.701.20230209-1606/jars/maven-builder-support-3.8.7.jar
2023-08-03 12:30:56,673 [Worker-6: Launching mavenrun-ea061969-e62d-4251-92c1-75e6aef3c19d] INFO  o.eclipse.m2e.core.internal.Bundles - 	Entry: /home/rapidsoft/Desktop/spring-tool-suite-4-4.18.1.RELEASE-e4.27.0-linux.gtk.x86_64/sts-4.18.1.RELEASE/plugins/org.eclipse.m2e.maven.runtime_3.8.701.20230209-1606/jars/maven-compat-3.8.7.jar
2023-08-03 12:30:56,673 [Worker-6: Launching mavenrun-ea061969-e62d-4251-92c1-75e6aef3c19d] INFO  o.eclipse.m2e.core.internal.Bundles - 	Entry: /home/rapidsoft/Desktop/spring-tool-suite-4-4.18.1.RELEASE-e4.27.0-linux.gtk.x86_64/sts-4.18.1.RELEASE/plugins/org.eclipse.m2e.maven.runtime_3.8.701.20230209-1606/jars/maven-core-3.8.7.jar
2023-08-03 12:30:56,673 [Worker-6: Launching mavenrun-ea061969-e62d-4251-92c1-75e6aef3c19d] INFO  o.eclipse.m2e.core.internal.Bundles - 	Entry: /home/rapidsoft/Desktop/spring-tool-suite-4-4.18.1.RELEASE-e4.27.0-linux.gtk.x86_64/sts-4.18.1.RELEASE/plugins/org.eclipse.m2e.maven.runtime_3.8.701.20230209-1606/jars/maven-embedder-3.8.7.jar
2023-08-03 12:30:56,674 [Worker-6: Launching mavenrun-ea061969-e62d-4251-92c1-75e6aef3c19d] INFO  o.eclipse.m2e.core.internal.Bundles - 	Entry: /home/rapidsoft/Desktop/spring-tool-suite-4-4.18.1.RELEASE-e4.27.0-linux.gtk.x86_64/sts-4.18.1.RELEASE/plugins/org.eclipse.m2e.maven.runtime_3.8.701.20230209-1606/jars/maven-model-3.8.7.jar
2023-08-03 12:30:56,674 [Worker-6: Launching mavenrun-ea061969-e62d-4251-92c1-75e6aef3c19d] INFO  o.eclipse.m2e.core.internal.Bundles - 	Entry: /home/rapidsoft/Desktop/spring-tool-suite-4-4.18.1.RELEASE-e4.27.0-linux.gtk.x86_64/sts-4.18.1.RELEASE/plugins/org.eclipse.m2e.maven.runtime_3.8.701.20230209-1606/jars/maven-model-builder-3.8.7.jar
2023-08-03 12:30:56,674 [Worker-6: Launching mavenrun-ea061969-e62d-4251-92c1-75e6aef3c19d] INFO  o.eclipse.m2e.core.internal.Bundles - 	Entry: /home/rapidsoft/Desktop/spring-tool-suite-4-4.18.1.RELEASE-e4.27.0-linux.gtk.x86_64/sts-4.18.1.RELEASE/plugins/org.eclipse.m2e.maven.runtime_3.8.701.20230209-1606/jars/maven-plugin-api-3.8.7.jar
2023-08-03 12:30:56,674 [Worker-6: Launching mavenrun-ea061969-e62d-4251-92c1-75e6aef3c19d] INFO  o.eclipse.m2e.core.internal.Bundles - 	Entry: /home/rapidsoft/Desktop/spring-tool-suite-4-4.18.1.RELEASE-e4.27.0-linux.gtk.x86_64/sts-4.18.1.RELEASE/plugins/org.eclipse.m2e.maven.runtime_3.8.701.20230209-1606/jars/maven-repository-metadata-3.8.7.jar
2023-08-03 12:30:56,674 [Worker-6: Launching mavenrun-ea061969-e62d-4251-92c1-75e6aef3c19d] INFO  o.eclipse.m2e.core.internal.Bundles - 	Entry: /home/rapidsoft/Desktop/spring-tool-suite-4-4.18.1.RELEASE-e4.27.0-linux.gtk.x86_64/sts-4.18.1.RELEASE/plugins/org.eclipse.m2e.maven.runtime_3.8.701.20230209-1606/jars/maven-resolver-api-1.6.3.jar
2023-08-03 12:30:56,674 [Worker-6: Launching mavenrun-ea061969-e62d-4251-92c1-75e6aef3c19d] INFO  o.eclipse.m2e.core.internal.Bundles - 	Entry: /home/rapidsoft/Desktop/spring-tool-suite-4-4.18.1.RELEASE-e4.27.0-linux.gtk.x86_64/sts-4.18.1.RELEASE/plugins/org.eclipse.m2e.maven.runtime_3.8.701.20230209-1606/jars/maven-resolver-connector-basic-1.6.3.jar
2023-08-03 12:30:56,674 [Worker-6: Launching mavenrun-ea061969-e62d-4251-92c1-75e6aef3c19d] INFO  o.eclipse.m2e.core.internal.Bundles - 	Entry: /home/rapidsoft/Desktop/spring-tool-suite-4-4.18.1.RELEASE-e4.27.0-linux.gtk.x86_64/sts-4.18.1.RELEASE/plugins/org.eclipse.m2e.maven.runtime_3.8.701.20230209-1606/jars/maven-resolver-impl-1.6.3.jar
2023-08-03 12:30:56,674 [Worker-6: Launching mavenrun-ea061969-e62d-4251-92c1-75e6aef3c19d] INFO  o.eclipse.m2e.core.internal.Bundles - 	Entry: /home/rapidsoft/Desktop/spring-tool-suite-4-4.18.1.RELEASE-e4.27.0-linux.gtk.x86_64/sts-4.18.1.RELEASE/plugins/org.eclipse.m2e.maven.runtime_3.8.701.20230209-1606/jars/maven-resolver-provider-3.8.7.jar
2023-08-03 12:30:56,674 [Worker-6: Launching mavenrun-ea061969-e62d-4251-92c1-75e6aef3c19d] INFO  o.eclipse.m2e.core.internal.Bundles - 	Entry: /home/rapidsoft/Desktop/spring-tool-suite-4-4.18.1.RELEASE-e4.27.0-linux.gtk.x86_64/sts-4.18.1.RELEASE/plugins/org.eclipse.m2e.maven.runtime_3.8.701.20230209-1606/jars/maven-resolver-spi-1.6.3.jar
2023-08-03 12:30:56,675 [Worker-6: Launching mavenrun-ea061969-e62d-4251-92c1-75e6aef3c19d] INFO  o.eclipse.m2e.core.internal.Bundles - 	Entry: /home/rapidsoft/Desktop/spring-tool-suite-4-4.18.1.RELEASE-e4.27.0-linux.gtk.x86_64/sts-4.18.1.RELEASE/plugins/org.eclipse.m2e.maven.runtime_3.8.701.20230209-1606/jars/maven-resolver-transport-wagon-1.6.3.jar
2023-08-03 12:30:56,675 [Worker-6: Launching mavenrun-ea061969-e62d-4251-92c1-75e6aef3c19d] INFO  o.eclipse.m2e.core.internal.Bundles - 	Entry: /home/rapidsoft/Desktop/spring-tool-suite-4-4.18.1.RELEASE-e4.27.0-linux.gtk.x86_64/sts-4.18.1.RELEASE/plugins/org.eclipse.m2e.maven.runtime_3.8.701.20230209-1606/jars/maven-resolver-util-1.6.3.jar
2023-08-03 12:30:56,675 [Worker-6: Launching mavenrun-ea061969-e62d-4251-92c1-75e6aef3c19d] INFO  o.eclipse.m2e.core.internal.Bundles - 	Entry: /home/rapidsoft/Desktop/spring-tool-suite-4-4.18.1.RELEASE-e4.27.0-linux.gtk.x86_64/sts-4.18.1.RELEASE/plugins/org.eclipse.m2e.maven.runtime_3.8.701.20230209-1606/jars/maven-settings-3.8.7.jar
2023-08-03 12:30:56,675 [Worker-6: Launching mavenrun-ea061969-e62d-4251-92c1-75e6aef3c19d] INFO  o.eclipse.m2e.core.internal.Bundles - 	Entry: /home/rapidsoft/Desktop/spring-tool-suite-4-4.18.1.RELEASE-e4.27.0-linux.gtk.x86_64/sts-4.18.1.RELEASE/plugins/org.eclipse.m2e.maven.runtime_3.8.701.20230209-1606/jars/maven-settings-builder-3.8.7.jar
2023-08-03 12:30:56,675 [Worker-6: Launching mavenrun-ea061969-e62d-4251-92c1-75e6aef3c19d] INFO  o.eclipse.m2e.core.internal.Bundles - 	Entry: /home/rapidsoft/Desktop/spring-tool-suite-4-4.18.1.RELEASE-e4.27.0-linux.gtk.x86_64/sts-4.18.1.RELEASE/plugins/org.eclipse.m2e.maven.runtime_3.8.701.20230209-1606/jars/maven-shared-utils-3.3.4.jar
2023-08-03 12:30:56,675 [Worker-6: Launching mavenrun-ea061969-e62d-4251-92c1-75e6aef3c19d] INFO  o.eclipse.m2e.core.internal.Bundles - 	Entry: /home/rapidsoft/Desktop/spring-tool-suite-4-4.18.1.RELEASE-e4.27.0-linux.gtk.x86_64/sts-4.18.1.RELEASE/plugins/org.eclipse.m2e.maven.runtime_3.8.701.20230209-1606/jars/okhttp-3.14.1.jar
2023-08-03 12:30:56,675 [Worker-6: Launching mavenrun-ea061969-e62d-4251-92c1-75e6aef3c19d] INFO  o.eclipse.m2e.core.internal.Bundles - 	Entry: /home/rapidsoft/Desktop/spring-tool-suite-4-4.18.1.RELEASE-e4.27.0-linux.gtk.x86_64/sts-4.18.1.RELEASE/plugins/org.eclipse.m2e.maven.runtime_3.8.701.20230209-1606/jars/okio-1.17.3.jar
2023-08-03 12:30:56,675 [Worker-6: Launching mavenrun-ea061969-e62d-4251-92c1-75e6aef3c19d] INFO  o.eclipse.m2e.core.internal.Bundles - 	Entry: /home/rapidsoft/Desktop/spring-tool-suite-4-4.18.1.RELEASE-e4.27.0-linux.gtk.x86_64/sts-4.18.1.RELEASE/plugins/org.eclipse.m2e.maven.runtime_3.8.701.20230209-1606/jars/org.eclipse.sisu.inject-0.3.5.jar
2023-08-03 12:30:56,675 [Worker-6: Launching mavenrun-ea061969-e62d-4251-92c1-75e6aef3c19d] INFO  o.eclipse.m2e.core.internal.Bundles - 	Entry: /home/rapidsoft/Desktop/spring-tool-suite-4-4.18.1.RELEASE-e4.27.0-linux.gtk.x86_64/sts-4.18.1.RELEASE/plugins/org.eclipse.m2e.maven.runtime_3.8.701.20230209-1606/jars/org.eclipse.sisu.plexus-0.3.5.jar
2023-08-03 12:30:56,676 [Worker-6: Launching mavenrun-ea061969-e62d-4251-92c1-75e6aef3c19d] INFO  o.eclipse.m2e.core.internal.Bundles - 	Entry: /home/rapidsoft/Desktop/spring-tool-suite-4-4.18.1.RELEASE-e4.27.0-linux.gtk.x86_64/sts-4.18.1.RELEASE/plugins/org.eclipse.m2e.maven.runtime_3.8.701.20230209-1606/jars/plexus-build-api-0.0.7.jar
2023-08-03 12:30:56,676 [Worker-6: Launching mavenrun-ea061969-e62d-4251-92c1-75e6aef3c19d] INFO  o.eclipse.m2e.core.internal.Bundles - 	Entry: /home/rapidsoft/Desktop/spring-tool-suite-4-4.18.1.RELEASE-e4.27.0-linux.gtk.x86_64/sts-4.18.1.RELEASE/plugins/org.eclipse.m2e.maven.runtime_3.8.701.20230209-1606/jars/plexus-cipher-2.0.jar
2023-08-03 12:30:56,676 [Worker-6: Launching mavenrun-ea061969-e62d-4251-92c1-75e6aef3c19d] INFO  o.eclipse.m2e.core.internal.Bundles - 	Entry: /home/rapidsoft/Desktop/spring-tool-suite-4-4.18.1.RELEASE-e4.27.0-linux.gtk.x86_64/sts-4.18.1.RELEASE/plugins/org.eclipse.m2e.maven.runtime_3.8.701.20230209-1606/jars/plexus-classworlds-2.6.0.jar
2023-08-03 12:30:56,676 [Worker-6: Launching mavenrun-ea061969-e62d-4251-92c1-75e6aef3c19d] INFO  o.eclipse.m2e.core.internal.Bundles - 	Entry: /home/rapidsoft/Desktop/spring-tool-suite-4-4.18.1.RELEASE-e4.27.0-linux.gtk.x86_64/sts-4.18.1.RELEASE/plugins/org.eclipse.m2e.maven.runtime_3.8.701.20230209-1606/jars/plexus-component-annotations-2.1.0.jar
2023-08-03 12:30:56,676 [Worker-6: Launching mavenrun-ea061969-e62d-4251-92c1-75e6aef3c19d] INFO  o.eclipse.m2e.core.internal.Bundles - 	Entry: /home/rapidsoft/Desktop/spring-tool-suite-4-4.18.1.RELEASE-e4.27.0-linux.gtk.x86_64/sts-4.18.1.RELEASE/plugins/org.eclipse.m2e.maven.runtime_3.8.701.20230209-1606/jars/plexus-interpolation-1.26.jar
2023-08-03 12:30:56,676 [Worker-6: Launching mavenrun-ea061969-e62d-4251-92c1-75e6aef3c19d] INFO  o.eclipse.m2e.core.internal.Bundles - 	Entry: /home/rapidsoft/Desktop/spring-tool-suite-4-4.18.1.RELEASE-e4.27.0-linux.gtk.x86_64/sts-4.18.1.RELEASE/plugins/org.eclipse.m2e.maven.runtime_3.8.701.20230209-1606/jars/plexus-sec-dispatcher-2.0.jar
2023-08-03 12:30:56,676 [Worker-6: Launching mavenrun-ea061969-e62d-4251-92c1-75e6aef3c19d] INFO  o.eclipse.m2e.core.internal.Bundles - 	Entry: /home/rapidsoft/Desktop/spring-tool-suite-4-4.18.1.RELEASE-e4.27.0-linux.gtk.x86_64/sts-4.18.1.RELEASE/plugins/org.eclipse.m2e.maven.runtime_3.8.701.20230209-1606/jars/plexus-utils-3.3.1.jar
2023-08-03 12:30:56,677 [Worker-6: Launching mavenrun-ea061969-e62d-4251-92c1-75e6aef3c19d] INFO  o.eclipse.m2e.core.internal.Bundles - 	Entry: /home/rapidsoft/Desktop/spring-tool-suite-4-4.18.1.RELEASE-e4.27.0-linux.gtk.x86_64/sts-4.18.1.RELEASE/plugins/org.eclipse.m2e.maven.runtime_3.8.701.20230209-1606/jars/wagon-file-3.5.3.jar
2023-08-03 12:30:56,677 [Worker-6: Launching mavenrun-ea061969-e62d-4251-92c1-75e6aef3c19d] INFO  o.eclipse.m2e.core.internal.Bundles - 	Entry: /home/rapidsoft/Desktop/spring-tool-suite-4-4.18.1.RELEASE-e4.27.0-linux.gtk.x86_64/sts-4.18.1.RELEASE/plugins/org.eclipse.m2e.maven.runtime_3.8.701.20230209-1606/jars/wagon-provider-api-3.5.3.jar
2023-08-03 12:30:56,681 [Worker-6: Launching mavenrun-ea061969-e62d-4251-92c1-75e6aef3c19d] INFO  o.eclipse.m2e.core.internal.Bundles - getClasspathEntries(Bundle=com.google.guava_31.1.0.jre [23])
2023-08-03 12:30:56,682 [Worker-6: Launching mavenrun-ea061969-e62d-4251-92c1-75e6aef3c19d] INFO  o.eclipse.m2e.core.internal.Bundles - 	Entry: /home/rapidsoft/Desktop/spring-tool-suite-4-4.18.1.RELEASE-e4.27.0-linux.gtk.x86_64/sts-4.18.1.RELEASE/plugins/com.google.guava_31.1.0.jre.jar
2023-08-03 12:30:56,682 [Worker-6: Launching mavenrun-ea061969-e62d-4251-92c1-75e6aef3c19d] INFO  o.eclipse.m2e.core.internal.Bundles - getClasspathEntries(Bundle=slf4j.api_1.7.36 [573])
2023-08-03 12:30:56,683 [Worker-6: Launching mavenrun-ea061969-e62d-4251-92c1-75e6aef3c19d] INFO  o.eclipse.m2e.core.internal.Bundles - 	Entry: /home/rapidsoft/Desktop/spring-tool-suite-4-4.18.1.RELEASE-e4.27.0-linux.gtk.x86_64/sts-4.18.1.RELEASE/plugins/slf4j.api_1.7.36.jar
2023-08-03 12:30:56,683 [Worker-6: Launching mavenrun-ea061969-e62d-4251-92c1-75e6aef3c19d] INFO  o.eclipse.m2e.core.internal.Bundles - getClasspathEntries(Bundle=javax.inject_1.0.0.v20220405-0441 [50])
2023-08-03 12:30:56,684 [Worker-6: Launching mavenrun-ea061969-e62d-4251-92c1-75e6aef3c19d] INFO  o.eclipse.m2e.core.internal.Bundles - 	Entry: /home/rapidsoft/Desktop/spring-tool-suite-4-4.18.1.RELEASE-e4.27.0-linux.gtk.x86_64/sts-4.18.1.RELEASE/plugins/javax.inject_1.0.0.v20220405-0441.jar
2023-08-03 12:30:56,684 [Worker-6: Launching mavenrun-ea061969-e62d-4251-92c1-75e6aef3c19d] INFO  o.eclipse.m2e.core.internal.Bundles - getClasspathEntries(Bundle=javax.annotation_1.3.5.v20221203-1659 [48])
2023-08-03 12:30:56,685 [Worker-6: Launching mavenrun-ea061969-e62d-4251-92c1-75e6aef3c19d] INFO  o.eclipse.m2e.core.internal.Bundles - 	Entry: /home/rapidsoft/Desktop/spring-tool-suite-4-4.18.1.RELEASE-e4.27.0-linux.gtk.x86_64/sts-4.18.1.RELEASE/plugins/javax.annotation_1.3.5.v20221203-1659.jar
2023-08-03 12:30:56,685 [Worker-6: Launching mavenrun-ea061969-e62d-4251-92c1-75e6aef3c19d] INFO  o.eclipse.m2e.core.internal.Bundles - getClasspathEntries(Bundle=org.apache.commons.cli_1.4.0.v20221112-0806 [73])
2023-08-03 12:30:56,687 [Worker-6: Launching mavenrun-ea061969-e62d-4251-92c1-75e6aef3c19d] INFO  o.eclipse.m2e.core.internal.Bundles - 	Entry: /home/rapidsoft/Desktop/spring-tool-suite-4-4.18.1.RELEASE-e4.27.0-linux.gtk.x86_64/sts-4.18.1.RELEASE/plugins/org.apache.commons.cli_1.4.0.v20221112-0806.jar
2023-08-03 12:30:56,687 [Worker-6: Launching mavenrun-ea061969-e62d-4251-92c1-75e6aef3c19d] INFO  o.eclipse.m2e.core.internal.Bundles - getClasspathEntries(Bundle=com.google.guava.failureaccess_1.0.1 [25])
2023-08-03 12:30:56,687 [Worker-6: Launching mavenrun-ea061969-e62d-4251-92c1-75e6aef3c19d] INFO  o.eclipse.m2e.core.internal.Bundles - 	Entry: /home/rapidsoft/Desktop/spring-tool-suite-4-4.18.1.RELEASE-e4.27.0-linux.gtk.x86_64/sts-4.18.1.RELEASE/plugins/com.google.guava.failureaccess_1.0.1.jar
2023-08-03 12:30:56,696 [Worker-6: Launching mavenrun-ea061969-e62d-4251-92c1-75e6aef3c19d] INFO  o.e.m.i.launch.MavenLaunchDelegate - Run build in "/tmp/m2e-archetypeGenerator4912355236796315243":
2023-08-03 12:30:56,702 [Worker-6: Launching mavenrun-ea061969-e62d-4251-92c1-75e6aef3c19d] INFO  o.e.m.i.launch.MavenLaunchDelegate -  mvn  -DarchetypeGroupId=org.apache.maven.archetypes -DarchetypeArtifactId=maven-archetype-quickstart -DarchetypeVersion=1.1 -DgroupId=Com.SpringCode -DartifactId=SpringCore -Dversion=0.0.1-SNAPSHOT -Dpackage=Com.SpringCode -DoutputDirectory="/home/rapidsoft/Documents/Spring Core" -Dstyle.color=always -U archetype:generate
2023-08-03 12:31:18,137 [Worker-3: Creating maven-archetype-quickstart] INFO  o.e.m.c.i.p.ProjectConfigurationManager - Collecting project info '/pom.xml' /home/rapidsoft/Documents/Spring Core/SpringCore/pom.xml
2023-08-03 12:31:18,833 [Worker-3: Creating maven-archetype-quickstart] INFO  o.e.m.c.i.l.LifecycleMappingFactory - Using org.eclipse.m2e.jdt.JarLifecycleMapping lifecycle mapping for MavenProject: Com.SpringCode:SpringCore:0.0.1-SNAPSHOT @ /home/rapidsoft/Documents/Spring Core/SpringCore/pom.xml.
2023-08-03 12:31:19,167 [Worker-3: Creating maven-archetype-quickstart] INFO  o.e.m.j.i.AbstractJavaProjectConfigurator - Adding source folder /SpringCore/src/main/java
2023-08-03 12:31:19,169 [Worker-3: Creating maven-archetype-quickstart] INFO  o.e.m.j.i.AbstractJavaProjectConfigurator - Adding source folder /SpringCore/src/test/java
2023-08-03 12:31:19,279 [Worker-3: Creating maven-archetype-quickstart] INFO  o.e.m.c.i.p.ProjectConfigurationManager - Imported and configured 1 project(s) in 1 sec
2023-08-03 12:31:20,018 [Worker-8: Building] INFO  o.e.m.c.i.embedder.EclipseLogger - Using 'UTF-8' encoding to copy filtered resources.
2023-08-03 12:31:20,019 [Worker-8: Building] INFO  o.e.m.c.i.embedder.EclipseLogger - skip non existing resourceDirectory /home/rapidsoft/Documents/Spring Core/SpringCore/src/main/resources
2023-08-03 12:31:20,022 [Worker-8: Building] INFO  o.e.m.c.i.embedder.EclipseLogger - Using 'UTF-8' encoding to copy filtered resources.
2023-08-03 12:31:20,022 [Worker-8: Building] INFO  o.e.m.c.i.embedder.EclipseLogger - skip non existing resourceDirectory /home/rapidsoft/Documents/Spring Core/SpringCore/src/test/resources
2023-08-03 12:33:52,913 [Worker-11: Building] INFO  o.e.m.c.i.l.LifecycleMappingFactory - Using org.eclipse.m2e.jdt.JarLifecycleMapping lifecycle mapping for MavenProject: Com.SpringCode:SpringCore:0.0.1-SNAPSHOT @ /home/rapidsoft/Documents/Spring Core/SpringCore/pom.xml.
2023-08-03 12:33:53,048 [Worker-11: Building] INFO  o.e.m.c.i.embedder.EclipseLogger - Using 'UTF-8' encoding to copy filtered resources.
2023-08-03 12:33:53,048 [Worker-11: Building] INFO  o.e.m.c.i.embedder.EclipseLogger - skip non existing resourceDirectory /home/rapidsoft/Documents/Spring Core/SpringCore/src/main/resources
2023-08-03 12:33:53,052 [Worker-11: Building] INFO  o.e.m.c.i.embedder.EclipseLogger - Using 'UTF-8' encoding to copy filtered resources.
2023-08-03 12:33:53,052 [Worker-11: Building] INFO  o.e.m.c.i.embedder.EclipseLogger - skip non existing resourceDirectory /home/rapidsoft/Documents/Spring Core/SpringCore/src/test/resources
2023-08-03 12:34:26,078 [Worker-7: Building] INFO  o.e.m.c.i.l.LifecycleMappingFactory - Using org.eclipse.m2e.jdt.JarLifecycleMapping lifecycle mapping for MavenProject: Com.SpringCode:SpringCore:0.0.1-SNAPSHOT @ /home/rapidsoft/Documents/Spring Core/SpringCore/pom.xml.
2023-08-03 12:34:26,271 [Worker-7: Building] INFO  o.e.m.c.i.embedder.EclipseLogger - Using 'UTF-8' encoding to copy filtered resources.
2023-08-03 12:34:26,271 [Worker-7: Building] INFO  o.e.m.c.i.embedder.EclipseLogger - skip non existing resourceDirectory /home/rapidsoft/Documents/Spring Core/SpringCore/src/main/resources
2023-08-03 12:34:26,274 [Worker-7: Building] INFO  o.e.m.c.i.embedder.EclipseLogger - Using 'UTF-8' encoding to copy filtered resources.
2023-08-03 12:34:26,274 [Worker-7: Building] INFO  o.e.m.c.i.embedder.EclipseLogger - skip non existing resourceDirectory /home/rapidsoft/Documents/Spring Core/SpringCore/src/test/resources
2023-08-03 12:34:39,439 [Worker-12: Updating Maven Project] INFO  o.e.m.c.i.p.ProjectConfigurationManager - Update started
2023-08-03 12:34:39,654 [Worker-12: Updating Maven Project] INFO  o.e.m.c.i.l.LifecycleMappingFactory - Using org.eclipse.m2e.jdt.JarLifecycleMapping lifecycle mapping for MavenProject: Com.SpringCode:SpringCore:0.0.1-SNAPSHOT @ /home/rapidsoft/Documents/Spring Core/SpringCore/pom.xml.
2023-08-03 12:34:39,809 [Worker-12: Updating Maven Project] INFO  o.e.m.j.i.AbstractJavaProjectConfigurator - Adding source folder /SpringCore/src/main/java
2023-08-03 12:34:39,810 [Worker-12: Updating Maven Project] INFO  o.e.m.j.i.AbstractJavaProjectConfigurator - Adding source folder /SpringCore/src/test/java
2023-08-03 12:34:39,899 [Worker-12: Updating Maven Project] INFO  o.e.m.c.i.p.ProjectConfigurationManager - Update completed for 1 poms: local refresh takes 0.00 sec, refresh facades takes 0.00 sec, update config takes 0.00 sec 
2023-08-03 12:34:40,052 [Worker-1: Building] INFO  o.e.m.c.i.embedder.EclipseLogger - Using 'UTF-8' encoding to copy filtered resources.
2023-08-03 12:34:40,052 [Worker-1: Building] INFO  o.e.m.c.i.embedder.EclipseLogger - skip non existing resourceDirectory /home/rapidsoft/Documents/Spring Core/SpringCore/src/main/resources
2023-08-03 12:34:40,055 [Worker-1: Building] INFO  o.e.m.c.i.embedder.EclipseLogger - Using 'UTF-8' encoding to copy filtered resources.
2023-08-03 12:34:40,056 [Worker-1: Building] INFO  o.e.m.c.i.embedder.EclipseLogger - skip non existing resourceDirectory /home/rapidsoft/Documents/Spring Core/SpringCore/src/test/resources
2023-08-03 12:34:58,894 [Worker-7: Building] INFO  o.e.m.c.i.embedder.EclipseLogger - Using 'UTF-8' encoding to copy filtered resources.
2023-08-03 12:34:58,895 [Worker-7: Building] INFO  o.e.m.c.i.embedder.EclipseLogger - skip non existing resourceDirectory /home/rapidsoft/Documents/Spring Core/SpringCore/src/main/resources
2023-08-03 12:34:58,899 [Worker-7: Building] INFO  o.e.m.c.i.embedder.EclipseLogger - Using 'UTF-8' encoding to copy filtered resources.
2023-08-03 12:34:58,899 [Worker-7: Building] INFO  o.e.m.c.i.embedder.EclipseLogger - skip non existing resourceDirectory /home/rapidsoft/Documents/Spring Core/SpringCore/src/test/resources
2023-08-03 12:35:26,799 [Worker-1: Building] INFO  o.e.m.c.i.embedder.EclipseLogger - Using 'UTF-8' encoding to copy filtered resources.
2023-08-03 12:35:26,799 [Worker-1: Building] INFO  o.e.m.c.i.embedder.EclipseLogger - skip non existing resourceDirectory /home/rapidsoft/Documents/Spring Core/SpringCore/src/main/resources
2023-08-03 12:35:26,802 [Worker-1: Building] INFO  o.e.m.c.i.embedder.EclipseLogger - Using 'UTF-8' encoding to copy filtered resources.
2023-08-03 12:35:26,802 [Worker-1: Building] INFO  o.e.m.c.i.embedder.EclipseLogger - skip non existing resourceDirectory /home/rapidsoft/Documents/Spring Core/SpringCore/src/test/resources
2023-08-03 12:35:39,950 [Worker-1: Building] INFO  o.e.m.c.i.embedder.EclipseLogger - Using 'UTF-8' encoding to copy filtered resources.
2023-08-03 12:35:39,950 [Worker-1: Building] INFO  o.e.m.c.i.embedder.EclipseLogger - skip non existing resourceDirectory /home/rapidsoft/Documents/Spring Core/SpringCore/src/main/resources
2023-08-03 12:35:39,955 [Worker-1: Building] INFO  o.e.m.c.i.embedder.EclipseLogger - Using 'UTF-8' encoding to copy filtered resources.
2023-08-03 12:35:39,955 [Worker-1: Building] INFO  o.e.m.c.i.embedder.EclipseLogger - skip non existing resourceDirectory /home/rapidsoft/Documents/Spring Core/SpringCore/src/test/resources
2023-08-03 12:36:05,413 [Worker-7: Building] INFO  o.e.m.c.i.embedder.EclipseLogger - Using 'UTF-8' encoding to copy filtered resources.
2023-08-03 12:36:05,413 [Worker-7: Building] INFO  o.e.m.c.i.embedder.EclipseLogger - skip non existing resourceDirectory /home/rapidsoft/Documents/Spring Core/SpringCore/src/main/resources
2023-08-03 12:36:05,417 [Worker-7: Building] INFO  o.e.m.c.i.embedder.EclipseLogger - Using 'UTF-8' encoding to copy filtered resources.
2023-08-03 12:36:05,417 [Worker-7: Building] INFO  o.e.m.c.i.embedder.EclipseLogger - skip non existing resourceDirectory /home/rapidsoft/Documents/Spring Core/SpringCore/src/test/resources
2023-08-03 12:37:02,553 [Worker-13: Building] INFO  o.e.m.c.i.embedder.EclipseLogger - Using 'UTF-8' encoding to copy filtered resources.
2023-08-03 12:37:02,553 [Worker-13: Building] INFO  o.e.m.c.i.embedder.EclipseLogger - skip non existing resourceDirectory /home/rapidsoft/Documents/Spring Core/SpringCore/src/main/resources
2023-08-03 12:37:02,555 [Worker-13: Building] INFO  o.e.m.c.i.embedder.EclipseLogger - Using 'UTF-8' encoding to copy filtered resources.
2023-08-03 12:37:02,555 [Worker-13: Building] INFO  o.e.m.c.i.embedder.EclipseLogger - skip non existing resourceDirectory /home/rapidsoft/Documents/Spring Core/SpringCore/src/test/resources
2023-08-03 12:37:09,306 [Worker-11: Building] INFO  o.e.m.c.i.embedder.EclipseLogger - Using 'UTF-8' encoding to copy filtered resources.
2023-08-03 12:37:09,306 [Worker-11: Building] INFO  o.e.m.c.i.embedder.EclipseLogger - skip non existing resourceDirectory /home/rapidsoft/Documents/Spring Core/SpringCore/src/main/resources
2023-08-03 12:37:09,310 [Worker-11: Building] INFO  o.e.m.c.i.embedder.EclipseLogger - Using 'UTF-8' encoding to copy filtered resources.
2023-08-03 12:37:09,310 [Worker-11: Building] INFO  o.e.m.c.i.embedder.EclipseLogger - skip non existing resourceDirectory /home/rapidsoft/Documents/Spring Core/SpringCore/src/test/resources
2023-08-03 12:38:56,262 [Worker-1: Building] INFO  o.e.m.c.i.embedder.EclipseLogger - Using 'UTF-8' encoding to copy filtered resources.
2023-08-03 12:38:56,262 [Worker-1: Building] INFO  o.e.m.c.i.embedder.EclipseLogger - skip non existing resourceDirectory /home/rapidsoft/Documents/Spring Core/SpringCore/src/main/resources
2023-08-03 12:38:56,266 [Worker-1: Building] INFO  o.e.m.c.i.embedder.EclipseLogger - Using 'UTF-8' encoding to copy filtered resources.
2023-08-03 12:38:56,266 [Worker-1: Building] INFO  o.e.m.c.i.embedder.EclipseLogger - skip non existing resourceDirectory /home/rapidsoft/Documents/Spring Core/SpringCore/src/test/resources
2023-08-03 12:39:43,393 [Worker-13: Building] INFO  o.e.m.c.i.embedder.EclipseLogger - Using 'UTF-8' encoding to copy filtered resources.
2023-08-03 12:39:43,393 [Worker-13: Building] INFO  o.e.m.c.i.embedder.EclipseLogger - skip non existing resourceDirectory /home/rapidsoft/Documents/Spring Core/SpringCore/src/main/resources
2023-08-03 12:39:43,395 [Worker-13: Building] INFO  o.e.m.c.i.embedder.EclipseLogger - Using 'UTF-8' encoding to copy filtered resources.
2023-08-03 12:39:43,395 [Worker-13: Building] INFO  o.e.m.c.i.embedder.EclipseLogger - skip non existing resourceDirectory /home/rapidsoft/Documents/Spring Core/SpringCore/src/test/resources
2023-08-03 12:44:08,613 [Worker-24: Building] INFO  o.e.m.c.i.embedder.EclipseLogger - Using 'UTF-8' encoding to copy filtered resources.
2023-08-03 12:44:08,613 [Worker-24: Building] INFO  o.e.m.c.i.embedder.EclipseLogger - skip non existing resourceDirectory /home/rapidsoft/Documents/Spring Core/SpringCore/src/main/resources
2023-08-03 12:44:08,617 [Worker-24: Building] INFO  o.e.m.c.i.embedder.EclipseLogger - Using 'UTF-8' encoding to copy filtered resources.
2023-08-03 12:44:08,617 [Worker-24: Building] INFO  o.e.m.c.i.embedder.EclipseLogger - skip non existing resourceDirectory /home/rapidsoft/Documents/Spring Core/SpringCore/src/test/resources
2023-08-03 12:44:26,605 [Worker-23: Building] INFO  o.e.m.c.i.embedder.EclipseLogger - Using 'UTF-8' encoding to copy filtered resources.
2023-08-03 12:44:26,605 [Worker-23: Building] INFO  o.e.m.c.i.embedder.EclipseLogger - skip non existing resourceDirectory /home/rapidsoft/Documents/Spring Core/SpringCore/src/main/resources
2023-08-03 12:44:26,608 [Worker-23: Building] INFO  o.e.m.c.i.embedder.EclipseLogger - Using 'UTF-8' encoding to copy filtered resources.
2023-08-03 12:44:26,608 [Worker-23: Building] INFO  o.e.m.c.i.embedder.EclipseLogger - skip non existing resourceDirectory /home/rapidsoft/Documents/Spring Core/SpringCore/src/test/resources
2023-08-03 12:44:49,836 [Worker-23: Building] INFO  o.e.m.c.i.embedder.EclipseLogger - Using 'UTF-8' encoding to copy filtered resources.
2023-08-03 12:44:49,837 [Worker-23: Building] INFO  o.e.m.c.i.embedder.EclipseLogger - skip non existing resourceDirectory /home/rapidsoft/Documents/Spring Core/SpringCore/src/main/resources
2023-08-03 12:44:49,842 [Worker-23: Building] INFO  o.e.m.c.i.embedder.EclipseLogger - Using 'UTF-8' encoding to copy filtered resources.
2023-08-03 12:44:49,843 [Worker-23: Building] INFO  o.e.m.c.i.embedder.EclipseLogger - skip non existing resourceDirectory /home/rapidsoft/Documents/Spring Core/SpringCore/src/test/resources
2023-08-03 12:44:54,890 [Worker-22: Building] INFO  o.e.m.c.i.embedder.EclipseLogger - Using 'UTF-8' encoding to copy filtered resources.
2023-08-03 12:44:54,890 [Worker-22: Building] INFO  o.e.m.c.i.embedder.EclipseLogger - skip non existing resourceDirectory /home/rapidsoft/Documents/Spring Core/SpringCore/src/main/resources
2023-08-03 12:44:54,892 [Worker-22: Building] INFO  o.e.m.c.i.embedder.EclipseLogger - Using 'UTF-8' encoding to copy filtered resources.
2023-08-03 12:44:54,892 [Worker-22: Building] INFO  o.e.m.c.i.embedder.EclipseLogger - skip non existing resourceDirectory /home/rapidsoft/Documents/Spring Core/SpringCore/src/test/resources
2023-08-03 12:45:14,255 [Worker-24: Building] INFO  o.e.m.c.i.embedder.EclipseLogger - Using 'UTF-8' encoding to copy filtered resources.
2023-08-03 12:45:14,256 [Worker-24: Building] INFO  o.e.m.c.i.embedder.EclipseLogger - skip non existing resourceDirectory /home/rapidsoft/Documents/Spring Core/SpringCore/src/main/resources
2023-08-03 12:45:14,257 [Worker-24: Building] INFO  o.e.m.c.i.embedder.EclipseLogger - Using 'UTF-8' encoding to copy filtered resources.
2023-08-03 12:45:14,257 [Worker-24: Building] INFO  o.e.m.c.i.embedder.EclipseLogger - skip non existing resourceDirectory /home/rapidsoft/Documents/Spring Core/SpringCore/src/test/resources
2023-08-03 12:45:40,537 [Worker-25: Building] INFO  o.e.m.c.i.embedder.EclipseLogger - Using 'UTF-8' encoding to copy filtered resources.
2023-08-03 12:45:40,537 [Worker-25: Building] INFO  o.e.m.c.i.embedder.EclipseLogger - skip non existing resourceDirectory /home/rapidsoft/Documents/Spring Core/SpringCore/src/main/resources
2023-08-03 12:45:40,540 [Worker-25: Building] INFO  o.e.m.c.i.embedder.EclipseLogger - Using 'UTF-8' encoding to copy filtered resources.
2023-08-03 12:45:40,540 [Worker-25: Building] INFO  o.e.m.c.i.embedder.EclipseLogger - skip non existing resourceDirectory /home/rapidsoft/Documents/Spring Core/SpringCore/src/test/resources
2023-08-03 12:46:39,322 [Worker-24: Building] INFO  o.e.m.c.i.embedder.EclipseLogger - Using 'UTF-8' encoding to copy filtered resources.
2023-08-03 12:46:39,323 [Worker-24: Building] INFO  o.e.m.c.i.embedder.EclipseLogger - skip non existing resourceDirectory /home/rapidsoft/Documents/Spring Core/SpringCore/src/main/resources
2023-08-03 12:46:39,326 [Worker-24: Building] INFO  o.e.m.c.i.embedder.EclipseLogger - Using 'UTF-8' encoding to copy filtered resources.
2023-08-03 12:46:39,326 [Worker-24: Building] INFO  o.e.m.c.i.embedder.EclipseLogger - skip non existing resourceDirectory /home/rapidsoft/Documents/Spring Core/SpringCore/src/test/resources
2023-08-03 12:47:22,976 [Worker-25: Building] INFO  o.e.m.c.i.embedder.EclipseLogger - Using 'UTF-8' encoding to copy filtered resources.
2023-08-03 12:47:22,976 [Worker-25: Building] INFO  o.e.m.c.i.embedder.EclipseLogger - skip non existing resourceDirectory /home/rapidsoft/Documents/Spring Core/SpringCore/src/main/resources
2023-08-03 12:47:22,978 [Worker-25: Building] INFO  o.e.m.c.i.embedder.EclipseLogger - Using 'UTF-8' encoding to copy filtered resources.
2023-08-03 12:47:22,979 [Worker-25: Building] INFO  o.e.m.c.i.embedder.EclipseLogger - skip non existing resourceDirectory /home/rapidsoft/Documents/Spring Core/SpringCore/src/test/resources
2023-08-03 12:47:54,736 [Worker-24: Building] INFO  o.e.m.c.i.embedder.EclipseLogger - Using 'UTF-8' encoding to copy filtered resources.
2023-08-03 12:47:54,736 [Worker-24: Building] INFO  o.e.m.c.i.embedder.EclipseLogger - skip non existing resourceDirectory /home/rapidsoft/Documents/Spring Core/SpringCore/src/main/resources
2023-08-03 12:47:54,743 [Worker-24: Building] INFO  o.e.m.c.i.embedder.EclipseLogger - Using 'UTF-8' encoding to copy filtered resources.
2023-08-03 12:47:54,744 [Worker-24: Building] INFO  o.e.m.c.i.embedder.EclipseLogger - skip non existing resourceDirectory /home/rapidsoft/Documents/Spring Core/SpringCore/src/test/resources
2023-08-03 12:48:00,777 [Worker-22: Building] INFO  o.e.m.c.i.embedder.EclipseLogger - Using 'UTF-8' encoding to copy filtered resources.
2023-08-03 12:48:00,777 [Worker-22: Building] INFO  o.e.m.c.i.embedder.EclipseLogger - skip non existing resourceDirectory /home/rapidsoft/Documents/Spring Core/SpringCore/src/main/resources
2023-08-03 12:48:00,779 [Worker-22: Building] INFO  o.e.m.c.i.embedder.EclipseLogger - Using 'UTF-8' encoding to copy filtered resources.
2023-08-03 12:48:00,779 [Worker-22: Building] INFO  o.e.m.c.i.embedder.EclipseLogger - skip non existing resourceDirectory /home/rapidsoft/Documents/Spring Core/SpringCore/src/test/resources
2023-08-03 12:48:24,591 [Worker-23: Building] INFO  o.e.m.c.i.embedder.EclipseLogger - Using 'UTF-8' encoding to copy filtered resources.
2023-08-03 12:48:24,591 [Worker-23: Building] INFO  o.e.m.c.i.embedder.EclipseLogger - skip non existing resourceDirectory /home/rapidsoft/Documents/Spring Core/SpringCore/src/main/resources
2023-08-03 12:48:24,593 [Worker-23: Building] INFO  o.e.m.c.i.embedder.EclipseLogger - Using 'UTF-8' encoding to copy filtered resources.
2023-08-03 12:48:24,593 [Worker-23: Building] INFO  o.e.m.c.i.embedder.EclipseLogger - skip non existing resourceDirectory /home/rapidsoft/Documents/Spring Core/SpringCore/src/test/resources
2023-08-03 12:48:33,917 [Worker-23: Building] INFO  o.e.m.c.i.embedder.EclipseLogger - Using 'UTF-8' encoding to copy filtered resources.
2023-08-03 12:48:33,917 [Worker-23: Building] INFO  o.e.m.c.i.embedder.EclipseLogger - skip non existing resourceDirectory /home/rapidsoft/Documents/Spring Core/SpringCore/src/main/resources
2023-08-03 12:48:33,921 [Worker-23: Building] INFO  o.e.m.c.i.embedder.EclipseLogger - Using 'UTF-8' encoding to copy filtered resources.
2023-08-03 12:48:33,921 [Worker-23: Building] INFO  o.e.m.c.i.embedder.EclipseLogger - skip non existing resourceDirectory /home/rapidsoft/Documents/Spring Core/SpringCore/src/test/resources
2023-08-03 12:48:45,600 [Worker-25: Building] INFO  o.e.m.c.i.embedder.EclipseLogger - Using 'UTF-8' encoding to copy filtered resources.
2023-08-03 12:48:45,600 [Worker-25: Building] INFO  o.e.m.c.i.embedder.EclipseLogger - skip non existing resourceDirectory /home/rapidsoft/Documents/Spring Core/SpringCore/src/main/resources
2023-08-03 12:48:45,603 [Worker-25: Building] INFO  o.e.m.c.i.embedder.EclipseLogger - Using 'UTF-8' encoding to copy filtered resources.
2023-08-03 12:48:45,603 [Worker-25: Building] INFO  o.e.m.c.i.embedder.EclipseLogger - skip non existing resourceDirectory /home/rapidsoft/Documents/Spring Core/SpringCore/src/test/resources
2023-08-03 12:49:32,618 [Worker-23: Building] INFO  o.e.m.c.i.embedder.EclipseLogger - Using 'UTF-8' encoding to copy filtered resources.
2023-08-03 12:49:32,619 [Worker-23: Building] INFO  o.e.m.c.i.embedder.EclipseLogger - skip non existing resourceDirectory /home/rapidsoft/Documents/Spring Core/SpringCore/src/main/resources
2023-08-03 12:49:32,626 [Worker-23: Building] INFO  o.e.m.c.i.embedder.EclipseLogger - Using 'UTF-8' encoding to copy filtered resources.
2023-08-03 12:49:32,626 [Worker-23: Building] INFO  o.e.m.c.i.embedder.EclipseLogger - skip non existing resourceDirectory /home/rapidsoft/Documents/Spring Core/SpringCore/src/test/resources
2023-08-03 13:02:18,669 [Worker-29: Building] INFO  o.e.m.c.i.embedder.EclipseLogger - Using 'UTF-8' encoding to copy filtered resources.
2023-08-03 13:02:18,669 [Worker-29: Building] INFO  o.e.m.c.i.embedder.EclipseLogger - skip non existing resourceDirectory /home/rapidsoft/Documents/Spring Core/SpringCore/src/main/resources
2023-08-03 13:02:18,673 [Worker-29: Building] INFO  o.e.m.c.i.embedder.EclipseLogger - Using 'UTF-8' encoding to copy filtered resources.
2023-08-03 13:02:18,674 [Worker-29: Building] INFO  o.e.m.c.i.embedder.EclipseLogger - skip non existing resourceDirectory /home/rapidsoft/Documents/Spring Core/SpringCore/src/test/resources
2023-08-03 13:02:45,256 [Worker-29: Building] INFO  o.e.m.c.i.embedder.EclipseLogger - Using 'UTF-8' encoding to copy filtered resources.
2023-08-03 13:02:45,256 [Worker-29: Building] INFO  o.e.m.c.i.embedder.EclipseLogger - skip non existing resourceDirectory /home/rapidsoft/Documents/Spring Core/SpringCore/src/main/resources
2023-08-03 13:02:45,258 [Worker-29: Building] INFO  o.e.m.c.i.embedder.EclipseLogger - Using 'UTF-8' encoding to copy filtered resources.
2023-08-03 13:02:45,259 [Worker-29: Building] INFO  o.e.m.c.i.embedder.EclipseLogger - skip non existing resourceDirectory /home/rapidsoft/Documents/Spring Core/SpringCore/src/test/resources
2023-08-03 13:02:54,981 [Worker-29: Building] INFO  o.e.m.c.i.embedder.EclipseLogger - Using 'UTF-8' encoding to copy filtered resources.
2023-08-03 13:02:54,981 [Worker-29: Building] INFO  o.e.m.c.i.embedder.EclipseLogger - skip non existing resourceDirectory /home/rapidsoft/Documents/Spring Core/SpringCore/src/main/resources
2023-08-03 13:02:54,983 [Worker-29: Building] INFO  o.e.m.c.i.embedder.EclipseLogger - Using 'UTF-8' encoding to copy filtered resources.
2023-08-03 13:02:54,983 [Worker-29: Building] INFO  o.e.m.c.i.embedder.EclipseLogger - skip non existing resourceDirectory /home/rapidsoft/Documents/Spring Core/SpringCore/src/test/resources
2023-08-03 13:03:29,043 [Worker-27: Building] INFO  o.e.m.c.i.embedder.EclipseLogger - Using 'UTF-8' encoding to copy filtered resources.
2023-08-03 13:03:29,044 [Worker-27: Building] INFO  o.e.m.c.i.embedder.EclipseLogger - skip non existing resourceDirectory /home/rapidsoft/Documents/Spring Core/SpringCore/src/main/resources
2023-08-03 13:03:29,050 [Worker-27: Building] INFO  o.e.m.c.i.embedder.EclipseLogger - Using 'UTF-8' encoding to copy filtered resources.
2023-08-03 13:03:29,051 [Worker-27: Building] INFO  o.e.m.c.i.embedder.EclipseLogger - skip non existing resourceDirectory /home/rapidsoft/Documents/Spring Core/SpringCore/src/test/resources
2023-08-03 13:08:47,520 [Worker-31: Building] INFO  o.e.m.c.i.embedder.EclipseLogger - Using 'UTF-8' encoding to copy filtered resources.
2023-08-03 13:08:47,521 [Worker-31: Building] INFO  o.e.m.c.i.embedder.EclipseLogger - skip non existing resourceDirectory /home/rapidsoft/Documents/Spring Core/SpringCore/src/main/resources
2023-08-03 13:08:47,525 [Worker-31: Building] INFO  o.e.m.c.i.embedder.EclipseLogger - Using 'UTF-8' encoding to copy filtered resources.
2023-08-03 13:08:47,525 [Worker-31: Building] INFO  o.e.m.c.i.embedder.EclipseLogger - skip non existing resourceDirectory /home/rapidsoft/Documents/Spring Core/SpringCore/src/test/resources
2023-08-03 13:09:41,419 [Worker-33: Building] INFO  o.e.m.c.i.embedder.EclipseLogger - Using 'UTF-8' encoding to copy filtered resources.
2023-08-03 13:09:41,419 [Worker-33: Building] INFO  o.e.m.c.i.embedder.EclipseLogger - skip non existing resourceDirectory /home/rapidsoft/Documents/Spring Core/SpringCore/src/main/resources
2023-08-03 13:09:41,423 [Worker-33: Building] INFO  o.e.m.c.i.embedder.EclipseLogger - Using 'UTF-8' encoding to copy filtered resources.
2023-08-03 13:09:41,423 [Worker-33: Building] INFO  o.e.m.c.i.embedder.EclipseLogger - skip non existing resourceDirectory /home/rapidsoft/Documents/Spring Core/SpringCore/src/test/resources
2023-08-03 13:09:43,537 [Worker-34: Building] INFO  o.e.m.c.i.embedder.EclipseLogger - Using 'UTF-8' encoding to copy filtered resources.
2023-08-03 13:09:43,538 [Worker-34: Building] INFO  o.e.m.c.i.embedder.EclipseLogger - skip non existing resourceDirectory /home/rapidsoft/Documents/Spring Core/SpringCore/src/main/resources
2023-08-03 13:09:43,542 [Worker-34: Building] INFO  o.e.m.c.i.embedder.EclipseLogger - Using 'UTF-8' encoding to copy filtered resources.
2023-08-03 13:09:43,542 [Worker-34: Building] INFO  o.e.m.c.i.embedder.EclipseLogger - skip non existing resourceDirectory /home/rapidsoft/Documents/Spring Core/SpringCore/src/test/resources
2023-08-03 13:22:33,467 [Worker-31: Building] INFO  o.e.m.c.i.embedder.EclipseLogger - Using 'UTF-8' encoding to copy filtered resources.
2023-08-03 13:22:33,467 [Worker-31: Building] INFO  o.e.m.c.i.embedder.EclipseLogger - skip non existing resourceDirectory /home/rapidsoft/Documents/Spring Core/SpringCore/src/main/resources
2023-08-03 13:22:33,469 [Worker-31: Building] INFO  o.e.m.c.i.embedder.EclipseLogger - Using 'UTF-8' encoding to copy filtered resources.
2023-08-03 13:22:33,469 [Worker-31: Building] INFO  o.e.m.c.i.embedder.EclipseLogger - skip non existing resourceDirectory /home/rapidsoft/Documents/Spring Core/SpringCore/src/test/resources
2023-08-03 13:36:54,371 [Worker-38: Building] INFO  o.e.m.c.i.embedder.EclipseLogger - Using 'UTF-8' encoding to copy filtered resources.
2023-08-03 13:36:54,371 [Worker-38: Building] INFO  o.e.m.c.i.embedder.EclipseLogger - skip non existing resourceDirectory /home/rapidsoft/Documents/Spring Core/SpringCore/src/main/resources
2023-08-03 13:36:54,374 [Worker-38: Building] INFO  o.e.m.c.i.embedder.EclipseLogger - Using 'UTF-8' encoding to copy filtered resources.
2023-08-03 13:36:54,374 [Worker-38: Building] INFO  o.e.m.c.i.embedder.EclipseLogger - skip non existing resourceDirectory /home/rapidsoft/Documents/Spring Core/SpringCore/src/test/resources
2023-08-03 13:37:18,678 [Worker-41: Building] INFO  o.e.m.c.i.embedder.EclipseLogger - Using 'UTF-8' encoding to copy filtered resources.
2023-08-03 13:37:18,678 [Worker-41: Building] INFO  o.e.m.c.i.embedder.EclipseLogger - skip non existing resourceDirectory /home/rapidsoft/Documents/Spring Core/SpringCore/src/main/resources
2023-08-03 13:37:18,680 [Worker-41: Building] INFO  o.e.m.c.i.embedder.EclipseLogger - Using 'UTF-8' encoding to copy filtered resources.
2023-08-03 13:37:18,680 [Worker-41: Building] INFO  o.e.m.c.i.embedder.EclipseLogger - skip non existing resourceDirectory /home/rapidsoft/Documents/Spring Core/SpringCore/src/test/resources
2023-08-03 13:37:35,735 [Worker-38: Building] INFO  o.e.m.c.i.embedder.EclipseLogger - Using 'UTF-8' encoding to copy filtered resources.
2023-08-03 13:37:35,735 [Worker-38: Building] INFO  o.e.m.c.i.embedder.EclipseLogger - skip non existing resourceDirectory /home/rapidsoft/Documents/Spring Core/SpringCore/src/main/resources
2023-08-03 13:37:35,737 [Worker-38: Building] INFO  o.e.m.c.i.embedder.EclipseLogger - Using 'UTF-8' encoding to copy filtered resources.
2023-08-03 13:37:35,737 [Worker-38: Building] INFO  o.e.m.c.i.embedder.EclipseLogger - skip non existing resourceDirectory /home/rapidsoft/Documents/Spring Core/SpringCore/src/test/resources
2023-08-03 13:37:40,810 [Worker-35: Building] INFO  o.e.m.c.i.embedder.EclipseLogger - Using 'UTF-8' encoding to copy filtered resources.
2023-08-03 13:37:40,811 [Worker-35: Building] INFO  o.e.m.c.i.embedder.EclipseLogger - skip non existing resourceDirectory /home/rapidsoft/Documents/Spring Core/SpringCore/src/main/resources
2023-08-03 13:37:40,812 [Worker-35: Building] INFO  o.e.m.c.i.embedder.EclipseLogger - Using 'UTF-8' encoding to copy filtered resources.
2023-08-03 13:37:40,812 [Worker-35: Building] INFO  o.e.m.c.i.embedder.EclipseLogger - skip non existing resourceDirectory /home/rapidsoft/Documents/Spring Core/SpringCore/src/test/resources
2023-08-03 15:14:29,373 [Worker-35: Building] INFO  o.e.m.c.i.embedder.EclipseLogger - Using 'UTF-8' encoding to copy filtered resources.
2023-08-03 15:14:29,373 [Worker-35: Building] INFO  o.e.m.c.i.embedder.EclipseLogger - skip non existing resourceDirectory /home/rapidsoft/Documents/Spring Core/SpringCore/src/main/resources
2023-08-03 15:14:29,375 [Worker-35: Building] INFO  o.e.m.c.i.embedder.EclipseLogger - Using 'UTF-8' encoding to copy filtered resources.
2023-08-03 15:14:29,375 [Worker-35: Building] INFO  o.e.m.c.i.embedder.EclipseLogger - skip non existing resourceDirectory /home/rapidsoft/Documents/Spring Core/SpringCore/src/test/resources
2023-08-03 15:14:58,213 [Worker-44: Building] INFO  o.e.m.c.i.embedder.EclipseLogger - Using 'UTF-8' encoding to copy filtered resources.
2023-08-03 15:14:58,213 [Worker-44: Building] INFO  o.e.m.c.i.embedder.EclipseLogger - skip non existing resourceDirectory /home/rapidsoft/Documents/Spring Core/SpringCore/src/main/resources
2023-08-03 15:14:58,216 [Worker-44: Building] INFO  o.e.m.c.i.embedder.EclipseLogger - Using 'UTF-8' encoding to copy filtered resources.
2023-08-03 15:14:58,216 [Worker-44: Building] INFO  o.e.m.c.i.embedder.EclipseLogger - skip non existing resourceDirectory /home/rapidsoft/Documents/Spring Core/SpringCore/src/test/resources
2023-08-03 15:16:12,785 [Worker-41: Building] INFO  o.e.m.c.i.embedder.EclipseLogger - Using 'UTF-8' encoding to copy filtered resources.
2023-08-03 15:16:12,785 [Worker-41: Building] INFO  o.e.m.c.i.embedder.EclipseLogger - skip non existing resourceDirectory /home/rapidsoft/Documents/Spring Core/SpringCore/src/main/resources
2023-08-03 15:16:12,787 [Worker-41: Building] INFO  o.e.m.c.i.embedder.EclipseLogger - Using 'UTF-8' encoding to copy filtered resources.
2023-08-03 15:16:12,792 [Worker-41: Building] INFO  o.e.m.c.i.embedder.EclipseLogger - skip non existing resourceDirectory /home/rapidsoft/Documents/Spring Core/SpringCore/src/test/resources
2023-08-03 15:16:16,599 [Worker-35: Building] INFO  o.e.m.c.i.embedder.EclipseLogger - Using 'UTF-8' encoding to copy filtered resources.
2023-08-03 15:16:16,599 [Worker-35: Building] INFO  o.e.m.c.i.embedder.EclipseLogger - skip non existing resourceDirectory /home/rapidsoft/Documents/Spring Core/SpringCore/src/main/resources
2023-08-03 15:16:16,601 [Worker-35: Building] INFO  o.e.m.c.i.embedder.EclipseLogger - Using 'UTF-8' encoding to copy filtered resources.
2023-08-03 15:16:16,601 [Worker-35: Building] INFO  o.e.m.c.i.embedder.EclipseLogger - skip non existing resourceDirectory /home/rapidsoft/Documents/Spring Core/SpringCore/src/test/resources
2023-08-03 15:16:45,818 [Worker-41: Building] INFO  o.e.m.c.i.embedder.EclipseLogger - Using 'UTF-8' encoding to copy filtered resources.
2023-08-03 15:16:45,818 [Worker-41: Building] INFO  o.e.m.c.i.embedder.EclipseLogger - skip non existing resourceDirectory /home/rapidsoft/Documents/Spring Core/SpringCore/src/main/resources
2023-08-03 15:16:45,820 [Worker-41: Building] INFO  o.e.m.c.i.embedder.EclipseLogger - Using 'UTF-8' encoding to copy filtered resources.
2023-08-03 15:16:45,820 [Worker-41: Building] INFO  o.e.m.c.i.embedder.EclipseLogger - skip non existing resourceDirectory /home/rapidsoft/Documents/Spring Core/SpringCore/src/test/resources
2023-08-03 15:17:47,399 [Worker-35: Building] INFO  o.e.m.c.i.embedder.EclipseLogger - Using 'UTF-8' encoding to copy filtered resources.
2023-08-03 15:17:47,399 [Worker-35: Building] INFO  o.e.m.c.i.embedder.EclipseLogger - skip non existing resourceDirectory /home/rapidsoft/Documents/Spring Core/SpringCore/src/main/resources
2023-08-03 15:17:47,400 [Worker-35: Building] INFO  o.e.m.c.i.embedder.EclipseLogger - Using 'UTF-8' encoding to copy filtered resources.
2023-08-03 15:17:47,400 [Worker-35: Building] INFO  o.e.m.c.i.embedder.EclipseLogger - skip non existing resourceDirectory /home/rapidsoft/Documents/Spring Core/SpringCore/src/test/resources
2023-08-03 15:17:53,499 [Worker-46: Building] INFO  o.e.m.c.i.embedder.EclipseLogger - Using 'UTF-8' encoding to copy filtered resources.
2023-08-03 15:17:53,499 [Worker-46: Building] INFO  o.e.m.c.i.embedder.EclipseLogger - skip non existing resourceDirectory /home/rapidsoft/Documents/Spring Core/SpringCore/src/main/resources
2023-08-03 15:17:53,501 [Worker-46: Building] INFO  o.e.m.c.i.embedder.EclipseLogger - Using 'UTF-8' encoding to copy filtered resources.
2023-08-03 15:17:53,501 [Worker-46: Building] INFO  o.e.m.c.i.embedder.EclipseLogger - skip non existing resourceDirectory /home/rapidsoft/Documents/Spring Core/SpringCore/src/test/resources
2023-08-03 15:18:10,219 [Worker-35: Building] INFO  o.e.m.c.i.embedder.EclipseLogger - Using 'UTF-8' encoding to copy filtered resources.
2023-08-03 15:18:10,220 [Worker-35: Building] INFO  o.e.m.c.i.embedder.EclipseLogger - skip non existing resourceDirectory /home/rapidsoft/Documents/Spring Core/SpringCore/src/main/resources
2023-08-03 15:18:10,224 [Worker-35: Building] INFO  o.e.m.c.i.embedder.EclipseLogger - Using 'UTF-8' encoding to copy filtered resources.
2023-08-03 15:18:10,225 [Worker-35: Building] INFO  o.e.m.c.i.embedder.EclipseLogger - skip non existing resourceDirectory /home/rapidsoft/Documents/Spring Core/SpringCore/src/test/resources
2023-08-03 15:18:14,348 [Worker-43: Building] INFO  o.e.m.c.i.embedder.EclipseLogger - Using 'UTF-8' encoding to copy filtered resources.
2023-08-03 15:18:14,348 [Worker-43: Building] INFO  o.e.m.c.i.embedder.EclipseLogger - skip non existing resourceDirectory /home/rapidsoft/Documents/Spring Core/SpringCore/src/main/resources
2023-08-03 15:18:14,351 [Worker-43: Building] INFO  o.e.m.c.i.embedder.EclipseLogger - Using 'UTF-8' encoding to copy filtered resources.
2023-08-03 15:18:14,351 [Worker-43: Building] INFO  o.e.m.c.i.embedder.EclipseLogger - skip non existing resourceDirectory /home/rapidsoft/Documents/Spring Core/SpringCore/src/test/resources
2023-08-03 18:18:34,257 [Worker-1: Loading available Gradle versions] INFO  o.e.b.c.i.u.g.PublishedGradleVersions - Gradle version information cache is up-to-date. Trying to read.
